\BOOKMARK [1][-]{section.1}{Overview Payment Request}{}% 1
\BOOKMARK [2][-]{subsection.1.1}{Concetti e utilizzo della richiesta di pagamento}{section.1}% 2
\BOOKMARK [2][-]{subsection.1.2}{Vantaggi nell'utilizzo di questa API}{section.1}% 3
\BOOKMARK [2][-]{subsection.1.3}{Come funziona}{section.1}% 4
\BOOKMARK [2][-]{subsection.1.4}{Rischi}{section.1}% 5
\BOOKMARK [2][-]{subsection.1.5}{Sicurezza API}{section.1}% 6
\BOOKMARK [2][-]{subsection.1.6}{Uso API}{section.1}% 7
\BOOKMARK [3][-]{subsubsection.1.6.1}{Ruolo dell'utente}{subsection.1.6}% 8
\BOOKMARK [3][-]{subsubsection.1.6.2}{Ruolo del commerciante}{subsection.1.6}% 9
\BOOKMARK [3][-]{subsubsection.1.6.3}{Ruolo del browser}{subsection.1.6}% 10
\BOOKMARK [3][-]{subsubsection.1.6.4}{Metodi di pagamento}{subsection.1.6}% 11
\BOOKMARK [3][-]{subsubsection.1.6.5}{App di pagamento}{subsection.1.6}% 12
\BOOKMARK [3][-]{subsubsection.1.6.6}{Differenze tra metodo di pagamento e app di pagamento}{subsection.1.6}% 13
\BOOKMARK [1][-]{section.2}{Specifiche}{}% 14
\BOOKMARK [2][-]{subsection.2.1}{Metodi}{section.2}% 15
\BOOKMARK [3][-]{subsubsection.2.1.1}{MethodData}{subsection.2.1}% 16
\BOOKMARK [3][-]{subsubsection.2.1.2}{Details}{subsection.2.1}% 17
\BOOKMARK [3][-]{subsubsection.2.1.3}{Opzioni di spedizione}{subsection.2.1}% 18
\BOOKMARK [3][-]{subsubsection.2.1.4}{Modifiche condizionali alla richiesta di pagamento}{subsection.2.1}% 19
\BOOKMARK [3][-]{subsubsection.2.1.5}{Options}{subsection.2.1}% 20
\BOOKMARK [3][-]{subsubsection.2.1.6}{PaymentRequest}{subsection.2.1}% 21
\BOOKMARK [3][-]{subsubsection.2.1.7}{Gestione degli eventi e aggiornamento della richiesta di pagamento}{subsection.2.1}% 22
\BOOKMARK [3][-]{subsubsection.2.1.8}{Segnalazione di errori a grana fine}{subsection.2.1}% 23
\BOOKMARK [3][-]{subsubsection.2.1.9}{Postare la risposta di pagamento su un server}{subsection.2.1}% 24
\BOOKMARK [1][-]{section.3}{Codice d'esempio per pagina demo}{}% 25
\BOOKMARK [2][-]{subsubsection.3.0.1}{Costruttore}{section.3}% 26
\BOOKMARK [3][-]{subsubsection.3.0.2}{Visualizzazione dell'interfaccia utente, elaborazione del pagamento e visualizzazione dei risultati}{subsubsection.3.0.1}% 27
\BOOKMARK [3][-]{subsubsection.3.0.3}{Ascoltando gli eventi}{subsubsection.3.0.1}% 28
\BOOKMARK [3][-]{subsubsection.3.0.4}{Rilevamento di funzionalit\340}{subsubsection.3.0.1}% 29
\BOOKMARK [1][-]{section.4}{Compatibilit\340 web}{}% 30
\BOOKMARK [1][-]{section.5}{Conclusioni}{}% 31
